<?xml version="1.0" encoding="UTF-8"?>
<testsuite name="com.eteration.simplebanking.DemoApplicationTests" tests="1" skipped="0" failures="0" errors="0" timestamp="2025-03-17T17:07:22" hostname="DESKTOP-83QJ90F" time="0.002">
  <properties/>
  <testcase name="contextLoads()" classname="com.eteration.simplebanking.DemoApplicationTests" time="0.002"/>
  <system-out><![CDATA[2025-03-17 20:07:21.667  INFO 20476 --- [    Test worker] o.s.t.c.support.AbstractContextLoader    : Could not detect default resource locations for test class [com.eteration.simplebanking.DemoApplicationTests]: no resource found for suffixes {-context.xml, Context.groovy}.
2025-03-17 20:07:21.667  INFO 20476 --- [    Test worker] t.c.s.AnnotationConfigContextLoaderUtils : Could not detect default configuration classes for test class [com.eteration.simplebanking.DemoApplicationTests]: DemoApplicationTests does not declare any static, non-private, non-final, nested classes annotated with @Configuration.
2025-03-17 20:07:21.669  INFO 20476 --- [    Test worker] .b.t.c.SpringBootTestContextBootstrapper : Found @SpringBootConfiguration com.eteration.simplebanking.DemoApplication for test class com.eteration.simplebanking.DemoApplicationTests
2025-03-17 20:07:21.670  INFO 20476 --- [    Test worker] .b.t.c.SpringBootTestContextBootstrapper : Loaded default TestExecutionListener class names from location [META-INF/spring.factories]: [org.springframework.boot.test.autoconfigure.restdocs.RestDocsTestExecutionListener, org.springframework.boot.test.autoconfigure.web.client.MockRestServiceServerResetTestExecutionListener, org.springframework.boot.test.autoconfigure.web.servlet.MockMvcPrintOnlyOnFailureTestExecutionListener, org.springframework.boot.test.autoconfigure.web.servlet.WebDriverTestExecutionListener, org.springframework.boot.test.autoconfigure.webservices.client.MockWebServiceServerTestExecutionListener, org.springframework.boot.test.mock.mockito.MockitoTestExecutionListener, org.springframework.boot.test.mock.mockito.ResetMocksTestExecutionListener, org.springframework.test.context.web.ServletTestExecutionListener, org.springframework.test.context.support.DirtiesContextBeforeModesTestExecutionListener, org.springframework.test.context.event.ApplicationEventsTestExecutionListener, org.springframework.test.context.support.DependencyInjectionTestExecutionListener, org.springframework.test.context.support.DirtiesContextTestExecutionListener, org.springframework.test.context.transaction.TransactionalTestExecutionListener, org.springframework.test.context.jdbc.SqlScriptsTestExecutionListener, org.springframework.test.context.event.EventPublishingTestExecutionListener]
2025-03-17 20:07:21.670  INFO 20476 --- [    Test worker] .b.t.c.SpringBootTestContextBootstrapper : Using TestExecutionListeners: [org.springframework.test.context.web.ServletTestExecutionListener@6fb2b972, org.springframework.test.context.support.DirtiesContextBeforeModesTestExecutionListener@5fa3df, org.springframework.test.context.event.ApplicationEventsTestExecutionListener@44f88149, org.springframework.boot.test.mock.mockito.MockitoTestExecutionListener@3b1a3125, org.springframework.boot.test.autoconfigure.SpringBootDependencyInjectionTestExecutionListener@4199761d, org.springframework.test.context.support.DirtiesContextTestExecutionListener@3ca564aa, org.springframework.test.context.transaction.TransactionalTestExecutionListener@3cd758be, org.springframework.test.context.jdbc.SqlScriptsTestExecutionListener@562ec518, org.springframework.test.context.event.EventPublishingTestExecutionListener@5c8d685e, org.springframework.boot.test.autoconfigure.restdocs.RestDocsTestExecutionListener@4b1ad751, org.springframework.boot.test.autoconfigure.web.client.MockRestServiceServerResetTestExecutionListener@4d0e6424, org.springframework.boot.test.autoconfigure.web.servlet.MockMvcPrintOnlyOnFailureTestExecutionListener@6da86e98, org.springframework.boot.test.autoconfigure.web.servlet.WebDriverTestExecutionListener@5a5024eb, org.springframework.boot.test.autoconfigure.webservices.client.MockWebServiceServerTestExecutionListener@476dc0af, org.springframework.boot.test.mock.mockito.ResetMocksTestExecutionListener@797ca322]

  .   ____          _            __ _ _
 /\\ / ___'_ __ _ _(_)_ __  __ _ \ \ \ \
( ( )\___ | '_ | '_| | '_ \/ _` | \ \ \ \
 \\/  ___)| |_)| | | | | || (_| |  ) ) ) )
  '  |____| .__|_| |_|_| |_\__, | / / / /
 =========|_|==============|___/=/_/_/_/
 :: Spring Boot ::               (v2.7.18)

2025-03-17 20:07:21.693  INFO 20476 --- [    Test worker] c.e.simplebanking.DemoApplicationTests   : Starting DemoApplicationTests using Java 17.0.12 on DESKTOP-83QJ90F with PID 20476 (started by ArdaO in C:\Users\ArdaO\Desktop\simplebanking-master)
2025-03-17 20:07:21.693  INFO 20476 --- [    Test worker] c.e.simplebanking.DemoApplicationTests   : No active profile set, falling back to 1 default profile: "default"
2025-03-17 20:07:21.836  INFO 20476 --- [    Test worker] .s.d.r.c.RepositoryConfigurationDelegate : Bootstrapping Spring Data JPA repositories in DEFAULT mode.
2025-03-17 20:07:21.849  INFO 20476 --- [    Test worker] .s.d.r.c.RepositoryConfigurationDelegate : Finished Spring Data repository scanning in 11 ms. Found 2 JPA repository interfaces.
2025-03-17 20:07:21.987  INFO 20476 --- [    Test worker] o.hibernate.jpa.internal.util.LogHelper  : HHH000204: Processing PersistenceUnitInfo [name: default]
2025-03-17 20:07:21.996  INFO 20476 --- [    Test worker] com.zaxxer.hikari.HikariDataSource       : HikariPool-2 - Starting...
2025-03-17 20:07:22.010  INFO 20476 --- [    Test worker] com.zaxxer.hikari.HikariDataSource       : HikariPool-2 - Start completed.
2025-03-17 20:07:22.011  INFO 20476 --- [    Test worker] org.hibernate.dialect.Dialect            : HHH000400: Using dialect: org.hibernate.dialect.MySQL8Dialect
2025-03-17 20:07:22.094  INFO 20476 --- [    Test worker] o.h.e.t.j.p.i.JtaPlatformInitiator       : HHH000490: Using JtaPlatform implementation: [org.hibernate.engine.transaction.jta.platform.internal.NoJtaPlatform]
2025-03-17 20:07:22.094  INFO 20476 --- [    Test worker] j.LocalContainerEntityManagerFactoryBean : Initialized JPA EntityManagerFactory for persistence unit 'default'
2025-03-17 20:07:22.324  WARN 20476 --- [    Test worker] JpaBaseConfiguration$JpaWebConfiguration : spring.jpa.open-in-view is enabled by default. Therefore, database queries may be performed during view rendering. Explicitly configure spring.jpa.open-in-view to disable this warning
2025-03-17 20:07:22.730  INFO 20476 --- [    Test worker] c.e.simplebanking.DemoApplicationTests   : Started DemoApplicationTests in 1.058 seconds (JVM running for 6.6)
]]></system-out>
  <system-err><![CDATA[]]></system-err>
</testsuite>
