<?xml version="1.0" encoding="UTF-8"?>
<testsuite name="com.eteration.simplebanking.ModelTest" tests="5" skipped="0" failures="0" errors="0" timestamp="2025-03-17T17:07:22" hostname="DESKTOP-83QJ90F" time="0.003">
  <properties/>
  <testcase name="testTransactions()" classname="com.eteration.simplebanking.ModelTest" time="0.0"/>
  <testcase name="testWithdrawFromBankAccount()" classname="com.eteration.simplebanking.ModelTest" time="0.0"/>
  <testcase name="testCreateAccountAndSetBalance0()" classname="com.eteration.simplebanking.ModelTest" time="0.001"/>
  <testcase name="testDepositIntoBankAccount()" classname="com.eteration.simplebanking.ModelTest" time="0.0"/>
  <testcase name="testWithdrawException()" classname="com.eteration.simplebanking.ModelTest" time="0.001"/>
  <system-out><![CDATA[]]></system-out>
  <system-err><![CDATA[]]></system-err>
</testsuite>
